1733060691.840651 client started (162): version 3.2a, socket /tmp/tmux-1000/default, protocol 8
1733060691.840770 on Linux 4.4.0-19041-Microsoft #4355-Microsoft Thu Apr 12 17:37:00 PST 2024
1733060691.840795 using libevent 2.1.12-stable (poll); ncurses 6.2
1733060691.840831 flags are 0x18010000
1733060691.840847 socket is /tmp/tmux-1000/default
1733060691.840870 trying connect
1733060691.840895 connect failed: Connection refused
1733060691.840918 lock file is /tmp/tmux-1000/default.lock
1733060691.842255 flock succeeded
1733060691.842287 got lock (6)
1733060691.842299 trying connect
1733060691.842312 connect failed: Connection refused
1733060691.844545 add peer 0x7fffccf93190: 7 ((nil))
1733060691.845196 sending message 100 to peer 0x7fffccf93190 (4 bytes)
1733060691.845215 sending message 111 to peer 0x7fffccf93190 (8 bytes)
1733060691.845223 sending message 101 to peer 0x7fffccf93190 (15 bytes)
1733060691.845231 sending message 109 to peer 0x7fffccf93190 (4 bytes)
1733060691.845238 sending message 102 to peer 0x7fffccf93190 (10 bytes)
1733060691.845245 sending message 108 to peer 0x7fffccf93190 (44 bytes)
1733060691.845252 sending message 112 to peer 0x7fffccf93190 (58 bytes)
1733060691.845259 sending message 112 to peer 0x7fffccf93190 (5 bytes)
1733060691.845266 sending message 112 to peer 0x7fffccf93190 (5 bytes)
1733060691.845273 sending message 112 to peer 0x7fffccf93190 (6 bytes)
1733060691.845280 sending message 112 to peer 0x7fffccf93190 (6 bytes)
1733060691.845286 sending message 112 to peer 0x7fffccf93190 (11 bytes)
1733060691.845293 sending message 112 to peer 0x7fffccf93190 (10 bytes)
1733060691.845300 sending message 112 to peer 0x7fffccf93190 (13 bytes)
1733060691.845307 sending message 112 to peer 0x7fffccf93190 (14 bytes)
1733060691.845315 sending message 112 to peer 0x7fffccf93190 (19 bytes)
1733060691.845321 sending message 112 to peer 0x7fffccf93190 (11 bytes)
1733060691.845328 sending message 112 to peer 0x7fffccf93190 (10 bytes)
1733060691.845337 sending message 112 to peer 0x7fffccf93190 (15 bytes)
1733060691.845345 sending message 112 to peer 0x7fffccf93190 (21 bytes)
1733060691.845352 sending message 112 to peer 0x7fffccf93190 (13 bytes)
1733060691.845360 sending message 112 to peer 0x7fffccf93190 (7 bytes)
1733060691.845367 sending message 112 to peer 0x7fffccf93190 (13 bytes)
1733060691.845373 sending message 112 to peer 0x7fffccf93190 (7 bytes)
1733060691.845381 sending message 112 to peer 0x7fffccf93190 (13 bytes)
1733060691.845388 sending message 112 to peer 0x7fffccf93190 (9 bytes)
1733060691.845395 sending message 112 to peer 0x7fffccf93190 (21 bytes)
1733060691.845401 sending message 112 to peer 0x7fffccf93190 (13 bytes)
1733060691.845408 sending message 112 to peer 0x7fffccf93190 (9 bytes)
1733060691.845415 sending message 112 to peer 0x7fffccf93190 (16 bytes)
1733060691.845422 sending message 112 to peer 0x7fffccf93190 (13 bytes)
1733060691.845431 sending message 112 to peer 0x7fffccf93190 (9 bytes)
1733060691.845438 sending message 112 to peer 0x7fffccf93190 (9 bytes)
1733060691.845445 sending message 112 to peer 0x7fffccf93190 (12 bytes)
1733060691.845452 sending message 112 to peer 0x7fffccf93190 (8 bytes)
1733060691.845458 sending message 112 to peer 0x7fffccf93190 (8 bytes)
1733060691.845465 sending message 112 to peer 0x7fffccf93190 (13 bytes)
1733060691.845472 sending message 112 to peer 0x7fffccf93190 (7 bytes)
1733060691.845479 sending message 112 to peer 0x7fffccf93190 (7 bytes)
1733060691.845486 sending message 112 to peer 0x7fffccf93190 (9 bytes)
1733060691.845492 sending message 112 to peer 0x7fffccf93190 (9 bytes)
1733060691.845499 sending message 112 to peer 0x7fffccf93190 (15 bytes)
1733060691.845506 sending message 112 to peer 0x7fffccf93190 (13 bytes)
1733060691.845513 sending message 112 to peer 0x7fffccf93190 (12 bytes)
1733060691.845520 sending message 112 to peer 0x7fffccf93190 (8 bytes)
1733060691.845526 sending message 112 to peer 0x7fffccf93190 (14 bytes)
1733060691.845533 sending message 112 to peer 0x7fffccf93190 (11 bytes)
1733060691.845540 sending message 112 to peer 0x7fffccf93190 (9 bytes)
1733060691.845599 sending message 112 to peer 0x7fffccf93190 (10 bytes)
1733060691.845609 sending message 112 to peer 0x7fffccf93190 (10 bytes)
1733060691.845616 sending message 112 to peer 0x7fffccf93190 (10 bytes)
1733060691.845623 sending message 112 to peer 0x7fffccf93190 (10 bytes)
1733060691.845630 sending message 112 to peer 0x7fffccf93190 (11 bytes)
1733060691.845636 sending message 112 to peer 0x7fffccf93190 (12 bytes)
1733060691.845643 sending message 112 to peer 0x7fffccf93190 (12 bytes)
1733060691.845650 sending message 112 to peer 0x7fffccf93190 (12 bytes)
1733060691.845657 sending message 112 to peer 0x7fffccf93190 (12 bytes)
1733060691.845664 sending message 112 to peer 0x7fffccf93190 (12 bytes)
1733060691.845672 sending message 112 to peer 0x7fffccf93190 (11 bytes)
1733060691.845680 sending message 112 to peer 0x7fffccf93190 (11 bytes)
1733060691.845687 sending message 112 to peer 0x7fffccf93190 (12 bytes)
1733060691.845694 sending message 112 to peer 0x7fffccf93190 (12 bytes)
1733060691.845702 sending message 112 to peer 0x7fffccf93190 (12 bytes)
1733060691.845709 sending message 112 to peer 0x7fffccf93190 (12 bytes)
1733060691.845716 sending message 112 to peer 0x7fffccf93190 (12 bytes)
1733060691.845722 sending message 112 to peer 0x7fffccf93190 (9 bytes)
1733060691.845729 sending message 112 to peer 0x7fffccf93190 (12 bytes)
1733060691.845736 sending message 112 to peer 0x7fffccf93190 (13 bytes)
1733060691.845743 sending message 112 to peer 0x7fffccf93190 (13 bytes)
1733060691.845750 sending message 112 to peer 0x7fffccf93190 (13 bytes)
1733060691.845756 sending message 112 to peer 0x7fffccf93190 (13 bytes)
1733060691.845764 sending message 112 to peer 0x7fffccf93190 (13 bytes)
1733060691.845771 sending message 112 to peer 0x7fffccf93190 (8 bytes)
1733060691.845778 sending message 112 to peer 0x7fffccf93190 (11 bytes)
1733060691.845785 sending message 112 to peer 0x7fffccf93190 (11 bytes)
1733060691.845792 sending message 112 to peer 0x7fffccf93190 (11 bytes)
1733060691.845799 sending message 112 to peer 0x7fffccf93190 (12 bytes)
1733060691.845806 sending message 112 to peer 0x7fffccf93190 (12 bytes)
1733060691.845813 sending message 112 to peer 0x7fffccf93190 (12 bytes)
1733060691.845820 sending message 112 to peer 0x7fffccf93190 (12 bytes)
1733060691.845827 sending message 112 to peer 0x7fffccf93190 (13 bytes)
1733060691.845834 sending message 112 to peer 0x7fffccf93190 (13 bytes)
1733060691.845841 sending message 112 to peer 0x7fffccf93190 (13 bytes)
1733060691.845848 sending message 112 to peer 0x7fffccf93190 (8 bytes)
1733060691.845856 sending message 112 to peer 0x7fffccf93190 (13 bytes)
1733060691.845863 sending message 112 to peer 0x7fffccf93190 (13 bytes)
1733060691.845869 sending message 112 to peer 0x7fffccf93190 (13 bytes)
1733060691.845880 sending message 112 to peer 0x7fffccf93190 (13 bytes)
1733060691.845888 sending message 112 to peer 0x7fffccf93190 (13 bytes)
1733060691.845895 sending message 112 to peer 0x7fffccf93190 (12 bytes)
1733060691.845903 sending message 112 to peer 0x7fffccf93190 (12 bytes)
1733060691.845910 sending message 112 to peer 0x7fffccf93190 (12 bytes)
1733060691.845917 sending message 112 to peer 0x7fffccf93190 (12 bytes)
1733060691.845923 sending message 112 to peer 0x7fffccf93190 (13 bytes)
1733060691.845930 sending message 112 to peer 0x7fffccf93190 (8 bytes)
1733060691.845937 sending message 112 to peer 0x7fffccf93190 (13 bytes)
1733060691.845944 sending message 112 to peer 0x7fffccf93190 (13 bytes)
1733060691.845951 sending message 112 to peer 0x7fffccf93190 (13 bytes)
1733060691.845957 sending message 112 to peer 0x7fffccf93190 (13 bytes)
1733060691.845964 sending message 112 to peer 0x7fffccf93190 (13 bytes)
1733060691.845971 sending message 112 to peer 0x7fffccf93190 (13 bytes)
1733060691.845978 sending message 112 to peer 0x7fffccf93190 (13 bytes)
1733060691.845985 sending message 112 to peer 0x7fffccf93190 (12 bytes)
1733060691.845992 sending message 112 to peer 0x7fffccf93190 (12 bytes)
1733060691.846029 sending message 112 to peer 0x7fffccf93190 (12 bytes)
1733060691.846112 sending message 112 to peer 0x7fffccf93190 (8 bytes)
1733060691.846122 sending message 112 to peer 0x7fffccf93190 (12 bytes)
1733060691.846129 sending message 112 to peer 0x7fffccf93190 (13 bytes)
1733060691.846137 sending message 112 to peer 0x7fffccf93190 (13 bytes)
1733060691.846163 sending message 112 to peer 0x7fffccf93190 (13 bytes)
1733060691.846170 sending message 112 to peer 0x7fffccf93190 (13 bytes)
1733060691.846177 sending message 112 to peer 0x7fffccf93190 (13 bytes)
1733060691.846184 sending message 112 to peer 0x7fffccf93190 (13 bytes)
1733060691.846191 sending message 112 to peer 0x7fffccf93190 (13 bytes)
1733060691.846198 sending message 112 to peer 0x7fffccf93190 (13 bytes)
1733060691.846205 sending message 112 to peer 0x7fffccf93190 (12 bytes)
1733060691.846212 sending message 112 to peer 0x7fffccf93190 (10 bytes)
1733060691.846218 sending message 112 to peer 0x7fffccf93190 (12 bytes)
1733060691.846226 sending message 112 to peer 0x7fffccf93190 (12 bytes)
1733060691.846233 sending message 112 to peer 0x7fffccf93190 (12 bytes)
1733060691.846240 sending message 112 to peer 0x7fffccf93190 (13 bytes)
1733060691.846247 sending message 112 to peer 0x7fffccf93190 (13 bytes)
1733060691.846254 sending message 112 to peer 0x7fffccf93190 (13 bytes)
1733060691.846261 sending message 112 to peer 0x7fffccf93190 (13 bytes)
1733060691.846300 sending message 112 to peer 0x7fffccf93190 (13 bytes)
1733060691.846308 sending message 112 to peer 0x7fffccf93190 (13 bytes)
1733060691.846316 sending message 112 to peer 0x7fffccf93190 (13 bytes)
1733060691.846323 sending message 112 to peer 0x7fffccf93190 (10 bytes)
1733060691.846331 sending message 112 to peer 0x7fffccf93190 (13 bytes)
1733060691.846394 sending message 112 to peer 0x7fffccf93190 (12 bytes)
1733060691.846427 sending message 112 to peer 0x7fffccf93190 (12 bytes)
1733060691.846435 sending message 112 to peer 0x7fffccf93190 (12 bytes)
1733060691.846442 sending message 112 to peer 0x7fffccf93190 (10 bytes)
1733060691.846449 sending message 112 to peer 0x7fffccf93190 (10 bytes)
1733060691.846456 sending message 112 to peer 0x7fffccf93190 (10 bytes)
1733060691.846482 sending message 112 to peer 0x7fffccf93190 (12 bytes)
1733060691.846490 sending message 112 to peer 0x7fffccf93190 (13 bytes)
1733060691.846496 sending message 112 to peer 0x7fffccf93190 (13 bytes)
1733060691.846503 sending message 112 to peer 0x7fffccf93190 (13 bytes)
1733060691.846510 sending message 112 to peer 0x7fffccf93190 (13 bytes)
1733060691.846517 sending message 112 to peer 0x7fffccf93190 (13 bytes)
1733060691.846524 sending message 112 to peer 0x7fffccf93190 (10 bytes)
1733060691.846531 sending message 112 to peer 0x7fffccf93190 (11 bytes)
1733060691.846538 sending message 112 to peer 0x7fffccf93190 (12 bytes)
1733060691.846569 sending message 112 to peer 0x7fffccf93190 (12 bytes)
1733060691.846576 sending message 112 to peer 0x7fffccf93190 (12 bytes)
1733060691.846584 sending message 112 to peer 0x7fffccf93190 (12 bytes)
1733060691.846591 sending message 112 to peer 0x7fffccf93190 (12 bytes)
1733060691.846598 sending message 112 to peer 0x7fffccf93190 (11 bytes)
1733060691.846605 sending message 112 to peer 0x7fffccf93190 (12 bytes)
1733060691.846632 sending message 112 to peer 0x7fffccf93190 (12 bytes)
1733060691.846638 sending message 112 to peer 0x7fffccf93190 (13 bytes)
1733060691.846645 sending message 112 to peer 0x7fffccf93190 (13 bytes)
1733060691.846652 sending message 112 to peer 0x7fffccf93190 (13 bytes)
1733060691.846659 sending message 112 to peer 0x7fffccf93190 (13 bytes)
1733060691.846666 sending message 112 to peer 0x7fffccf93190 (13 bytes)
1733060691.846695 sending message 112 to peer 0x7fffccf93190 (10 bytes)
1733060691.846702 sending message 112 to peer 0x7fffccf93190 (9 bytes)
1733060691.846709 sending message 112 to peer 0x7fffccf93190 (12 bytes)
1733060691.846717 sending message 112 to peer 0x7fffccf93190 (13 bytes)
1733060691.846724 sending message 112 to peer 0x7fffccf93190 (13 bytes)
1733060691.846750 sending message 112 to peer 0x7fffccf93190 (13 bytes)
1733060691.846759 sending message 112 to peer 0x7fffccf93190 (13 bytes)
1733060691.846767 sending message 112 to peer 0x7fffccf93190 (13 bytes)
1733060691.846775 sending message 112 to peer 0x7fffccf93190 (9 bytes)
1733060691.846781 sending message 112 to peer 0x7fffccf93190 (12 bytes)
1733060691.846788 sending message 112 to peer 0x7fffccf93190 (13 bytes)
1733060691.846808 sending message 112 to peer 0x7fffccf93190 (13 bytes)
1733060691.846818 sending message 112 to peer 0x7fffccf93190 (13 bytes)
1733060691.846825 sending message 112 to peer 0x7fffccf93190 (13 bytes)
1733060691.846832 sending message 112 to peer 0x7fffccf93190 (13 bytes)
1733060691.846839 sending message 112 to peer 0x7fffccf93190 (11 bytes)
1733060691.846846 sending message 112 to peer 0x7fffccf93190 (12 bytes)
1733060691.846852 sending message 112 to peer 0x7fffccf93190 (13 bytes)
1733060691.846859 sending message 112 to peer 0x7fffccf93190 (13 bytes)
1733060691.846866 sending message 112 to peer 0x7fffccf93190 (13 bytes)
1733060691.846873 sending message 112 to peer 0x7fffccf93190 (13 bytes)
1733060691.846880 sending message 112 to peer 0x7fffccf93190 (13 bytes)
1733060691.846887 sending message 112 to peer 0x7fffccf93190 (11 bytes)
1733060691.846894 sending message 112 to peer 0x7fffccf93190 (12 bytes)
1733060691.846901 sending message 112 to peer 0x7fffccf93190 (12 bytes)
1733060691.846908 sending message 112 to peer 0x7fffccf93190 (12 bytes)
1733060691.846914 sending message 112 to peer 0x7fffccf93190 (12 bytes)
1733060691.846921 sending message 112 to peer 0x7fffccf93190 (12 bytes)
1733060691.846928 sending message 112 to peer 0x7fffccf93190 (21 bytes)
1733060691.846935 sending message 112 to peer 0x7fffccf93190 (12 bytes)
1733060691.846942 sending message 112 to peer 0x7fffccf93190 (9 bytes)
1733060691.846984 sending message 112 to peer 0x7fffccf93190 (6 bytes)
1733060691.846992 sending message 112 to peer 0x7fffccf93190 (13 bytes)
1733060691.847000 sending message 112 to peer 0x7fffccf93190 (10 bytes)
1733060691.847007 sending message 112 to peer 0x7fffccf93190 (24 bytes)
1733060691.847014 sending message 112 to peer 0x7fffccf93190 (13 bytes)
1733060691.847021 sending message 112 to peer 0x7fffccf93190 (9 bytes)
1733060691.847048 sending message 112 to peer 0x7fffccf93190 (70 bytes)
1733060691.847055 sending message 112 to peer 0x7fffccf93190 (69 bytes)
1733060691.847114 sending message 112 to peer 0x7fffccf93190 (12 bytes)
1733060691.847144 sending message 112 to peer 0x7fffccf93190 (10 bytes)
1733060691.847152 sending message 112 to peer 0x7fffccf93190 (10 bytes)
1733060691.847159 sending message 112 to peer 0x7fffccf93190 (24 bytes)
1733060691.847166 sending message 112 to peer 0x7fffccf93190 (13 bytes)
1733060691.847174 sending message 112 to peer 0x7fffccf93190 (10 bytes)
1733060691.847181 sending message 112 to peer 0x7fffccf93190 (10 bytes)
1733060691.847212 sending message 112 to peer 0x7fffccf93190 (10 bytes)
1733060691.847221 sending message 112 to peer 0x7fffccf93190 (13 bytes)
1733060691.847230 sending message 112 to peer 0x7fffccf93190 (15 bytes)
1733060691.847238 sending message 112 to peer 0x7fffccf93190 (5 bytes)
1733060691.847249 sending message 104 to peer 0x7fffccf93190 (0 bytes)
1733060691.847280 sending message 110 to peer 0x7fffccf93190 (0 bytes)
1733060691.847290 sending message 107 to peer 0x7fffccf93190 (4 bytes)
1733060691.847297 sending message 105 to peer 0x7fffccf93190 (22 bytes)
1733060691.847305 sending message 105 to peer 0x7fffccf93190 (17 bytes)
1733060691.847312 sending message 105 to peer 0x7fffccf93190 (451 bytes)
1733060691.847339 sending message 105 to peer 0x7fffccf93190 (20 bytes)
1733060691.847346 sending message 105 to peer 0x7fffccf93190 (33 bytes)
1733060691.847353 sending message 105 to peer 0x7fffccf93190 (48 bytes)
1733060691.847362 sending message 105 to peer 0x7fffccf93190 (53 bytes)
1733060691.847369 sending message 105 to peer 0x7fffccf93190 (21 bytes)
1733060691.847377 sending message 105 to peer 0x7fffccf93190 (21 bytes)
1733060691.847384 sending message 105 to peer 0x7fffccf93190 (15 bytes)
1733060691.847425 sending message 105 to peer 0x7fffccf93190 (18 bytes)
1733060691.847436 sending message 105 to peer 0x7fffccf93190 (19 bytes)
1733060691.847444 sending message 105 to peer 0x7fffccf93190 (28 bytes)
1733060691.847451 sending message 105 to peer 0x7fffccf93190 (15 bytes)
1733060691.847458 sending message 105 to peer 0x7fffccf93190 (13 bytes)
1733060691.847465 sending message 105 to peer 0x7fffccf93190 (16 bytes)
1733060691.847473 sending message 105 to peer 0x7fffccf93190 (8 bytes)
1733060691.847480 sending message 105 to peer 0x7fffccf93190 (48 bytes)
1733060691.847487 sending message 105 to peer 0x7fffccf93190 (16 bytes)
1733060691.847494 sending message 105 to peer 0x7fffccf93190 (21 bytes)
1733060691.847501 sending message 105 to peer 0x7fffccf93190 (31 bytes)
1733060691.847508 sending message 105 to peer 0x7fffccf93190 (25 bytes)
1733060691.847515 sending message 105 to peer 0x7fffccf93190 (1525 bytes)
1733060691.847533 sending message 105 to peer 0x7fffccf93190 (35 bytes)
1733060691.847540 sending message 106 to peer 0x7fffccf93190 (0 bytes)
1733060691.847557 sending message 200 to peer 0x7fffccf93190 (4 bytes)
1733060691.847564 client loop enter
1733060691.847775 client_signal: Child exited
1733060691.966612 peer 0x7fffccf93190 message 207
1733060691.966638 sending message 208 to peer 0x7fffccf93190 (0 bytes)
1733060697.642433 peer 0x7fffccf93190 message 203
1733060697.642452 sending message 205 to peer 0x7fffccf93190 (0 bytes)
1733060697.644154 peer 0x7fffccf93190 message 204
1733060697.644172 client loop exit
